# JRE version: Java(TM) SE Runtime Environment (8.0_202-b08) (build 1.8.0_202-b08)
# Java VM: Java HotSpot(TM) 64-Bit Server VM (25.202-b08 mixed mode windows-amd64 compressed oops)
Heap:
 PSYoungGen      total 212480K, used 42586K [0x00000000ee000000, 0x00000000fe380000, 0x0000000100000000)
  eden space 174592K, 9% used [0x00000000ee000000,0x00000000ef038918,0x00000000f8a80000)
  from space 37888K, 68% used [0x00000000fbe80000,0x00000000fd7de050,0x00000000fe380000)
  to   space 45568K, 0% used [0x00000000f8a80000,0x00000000f8a80000,0x00000000fb700000)
 ParOldGen       total 154624K, used 93300K [0x00000000b8000000, 0x00000000c1700000, 0x00000000ee000000)
  object space 154624K, 60% used [0x00000000b8000000,0x00000000bdb1d118,0x00000000c1700000)
 Metaspace       used 91185K, capacity 92012K, committed 92752K, reserved 1128448K
  class space    used 13167K, capacity 13404K, committed 13440K, reserved 1048576K
GC Heap History (10 events):
Event: 437.432 GC heap before
{Heap before GC invocations=38 (full 4):
 PSYoungGen      total 234496K, used 234312K [0x00000000ee000000, 0x00000000ff380000, 0x0000000100000000)
  eden space 212480K, 100% used [0x00000000ee000000,0x00000000faf80000,0x00000000faf80000)
  from space 22016K, 99% used [0x00000000fb800000,0x00000000fcd52098,0x00000000fcd80000)
  to   space 34816K, 0% used [0x00000000fd180000,0x00000000fd180000,0x00000000ff380000)
 ParOldGen       total 154624K, used 92273K [0x00000000b8000000, 0x00000000c1700000, 0x00000000ee000000)
  object space 154624K, 59% used [0x00000000b8000000,0x00000000bda1c620,0x00000000c1700000)
 Metaspace       used 89847K, capacity 90684K, committed 91472K, reserved 1128448K
  class space    used 13091K, capacity 13332K, committed 13440K, reserved 1048576K
Event: 437.440 GC heap after
Heap after GC invocations=38 (full 4):
 PSYoungGen      total 235008K, used 27879K [0x00000000ee000000, 0x00000000fef80000, 0x0000000100000000)
  eden space 204288K, 0% used [0x00000000ee000000,0x00000000ee000000,0x00000000fa780000)
  from space 30720K, 90% used [0x00000000fd180000,0x00000000fecb9d70,0x00000000fef80000)
  to   space 36864K, 0% used [0x00000000fa780000,0x00000000fa780000,0x00000000fcb80000)
 ParOldGen       total 154624K, used 92281K [0x00000000b8000000, 0x00000000c1700000, 0x00000000ee000000)
  object space 154624K, 59% used [0x00000000b8000000,0x00000000bda1e620,0x00000000c1700000)
 Metaspace       used 89847K, capacity 90684K, committed 91472K, reserved 1128448K
  class space    used 13091K, capacity 13332K, committed 13440K, reserved 1048576K
}
Event: 474.240 GC heap before
{Heap before GC invocations=39 (full 4):
 PSYoungGen      total 235008K, used 232167K [0x00000000ee000000, 0x00000000fef80000, 0x0000000100000000)
  eden space 204288K, 100% used [0x00000000ee000000,0x00000000fa780000,0x00000000fa780000)
  from space 30720K, 90% used [0x00000000fd180000,0x00000000fecb9d70,0x00000000fef80000)
  to   space 36864K, 0% used [0x00000000fa780000,0x00000000fa780000,0x00000000fcb80000)
 ParOldGen       total 154624K, used 92281K [0x00000000b8000000, 0x00000000c1700000, 0x00000000ee000000)
  object space 154624K, 59% used [0x00000000b8000000,0x00000000bda1e620,0x00000000c1700000)
 Metaspace       used 90267K, capacity 91068K, committed 91728K, reserved 1128448K
  class space    used 13109K, capacity 13332K, committed 13440K, reserved 1048576K
Event: 474.249 GC heap after
Heap after GC invocations=39 (full 4):
 PSYoungGen      total 221184K, used 24598K [0x00000000ee000000, 0x00000000fe880000, 0x0000000100000000)
  eden space 196096K, 0% used [0x00000000ee000000,0x00000000ee000000,0x00000000f9f80000)
  from space 25088K, 98% used [0x00000000fa780000,0x00000000fbf85a18,0x00000000fc000000)
  to   space 37376K, 0% used [0x00000000fc400000,0x00000000fc400000,0x00000000fe880000)
 ParOldGen       total 154624K, used 92289K [0x00000000b8000000, 0x00000000c1700000, 0x00000000ee000000)
  object space 154624K, 59% used [0x00000000b8000000,0x00000000bda20620,0x00000000c1700000)
 Metaspace       used 90267K, capacity 91068K, committed 91728K, reserved 1128448K
  class space    used 13109K, capacity 13332K, committed 13440K, reserved 1048576K
}
Event: 5559.247 GC heap before
{Heap before GC invocations=40 (full 4):
 PSYoungGen      total 221184K, used 220694K [0x00000000ee000000, 0x00000000fe880000, 0x0000000100000000)
  eden space 196096K, 100% used [0x00000000ee000000,0x00000000f9f80000,0x00000000f9f80000)
  from space 25088K, 98% used [0x00000000fa780000,0x00000000fbf85a18,0x00000000fc000000)
  to   space 37376K, 0% used [0x00000000fc400000,0x00000000fc400000,0x00000000fe880000)
 ParOldGen       total 154624K, used 92289K [0x00000000b8000000, 0x00000000c1700000, 0x00000000ee000000)
  object space 154624K, 59% used [0x00000000b8000000,0x00000000bda20620,0x00000000c1700000)
 Metaspace       used 90621K, capacity 91406K, committed 92240K, reserved 1128448K
  class space    used 13116K, capacity 13335K, committed 13440K, reserved 1048576K
Event: 5559.262 GC heap after
Heap after GC invocations=40 (full 4):
 PSYoungGen      total 225792K, used 37372K [0x00000000ee000000, 0x00000000fec00000, 0x0000000100000000)
  eden space 188416K, 0% used [0x00000000ee000000,0x00000000ee000000,0x00000000f9800000)
  from space 37376K, 99% used [0x00000000fc400000,0x00000000fe87f3a0,0x00000000fe880000)
  to   space 43008K, 0% used [0x00000000f9800000,0x00000000f9800000,0x00000000fc200000)
 ParOldGen       total 154624K, used 93284K [0x00000000b8000000, 0x00000000c1700000, 0x00000000ee000000)
  object space 154624K, 60% used [0x00000000b8000000,0x00000000bdb19118,0x00000000c1700000)
 Metaspace       used 90621K, capacity 91406K, committed 92240K, reserved 1128448K
  class space    used 13116K, capacity 13335K, committed 13440K, reserved 1048576K
}
Event: 6347.276 GC heap before
{Heap before GC invocations=41 (full 4):
 PSYoungGen      total 225792K, used 225788K [0x00000000ee000000, 0x00000000fec00000, 0x0000000100000000)
  eden space 188416K, 100% used [0x00000000ee000000,0x00000000f9800000,0x00000000f9800000)
  from space 37376K, 99% used [0x00000000fc400000,0x00000000fe87f3a0,0x00000000fe880000)
  to   space 43008K, 0% used [0x00000000f9800000,0x00000000f9800000,0x00000000fc200000)
 ParOldGen       total 154624K, used 93284K [0x00000000b8000000, 0x00000000c1700000, 0x00000000ee000000)
  object space 154624K, 60% used [0x00000000b8000000,0x00000000bdb19118,0x00000000c1700000)
 Metaspace       used 91131K, capacity 92012K, committed 92752K, reserved 1128448K
  class space    used 13164K, capacity 13404K, committed 13440K, reserved 1048576K
Event: 6347.288 GC heap after
Heap after GC invocations=41 (full 4):
 PSYoungGen      total 218112K, used 36364K [0x00000000ee000000, 0x00000000fec00000, 0x0000000100000000)
  eden space 181248K, 0% used [0x00000000ee000000,0x00000000ee000000,0x00000000f9100000)
  from space 36864K, 98% used [0x00000000f9800000,0x00000000fbb83150,0x00000000fbc00000)
  to   space 46592K, 0% used [0x00000000fbe80000,0x00000000fbe80000,0x00000000fec00000)
 ParOldGen       total 154624K, used 93292K [0x00000000b8000000, 0x00000000c1700000, 0x00000000ee000000)
  object space 154624K, 60% used [0x00000000b8000000,0x00000000bdb1b118,0x00000000c1700000)
 Metaspace       used 91131K, capacity 92012K, committed 92752K, reserved 1128448K
  class space    used 13164K, capacity 13404K, committed 13440K, reserved 1048576K
}
Event: 12720.551 GC heap before
{Heap before GC invocations=42 (full 4):
 PSYoungGen      total 218112K, used 217612K [0x00000000ee000000, 0x00000000fec00000, 0x0000000100000000)
  eden space 181248K, 100% used [0x00000000ee000000,0x00000000f9100000,0x00000000f9100000)
  from space 36864K, 98% used [0x00000000f9800000,0x00000000fbb83150,0x00000000fbc00000)
  to   space 46592K, 0% used [0x00000000fbe80000,0x00000000fbe80000,0x00000000fec00000)
 ParOldGen       total 154624K, used 93292K [0x00000000b8000000, 0x00000000c1700000, 0x00000000ee000000)
  object space 154624K, 60% used [0x00000000b8000000,0x00000000bdb1b118,0x00000000c1700000)
 Metaspace       used 91179K, capacity 92012K, committed 92752K, reserved 1128448K
  class space    used 13167K, capacity 13404K, committed 13440K, reserved 1048576K
Event: 12720.604 GC heap after
Heap after GC invocations=42 (full 4):
 PSYoungGen      total 212480K, used 25976K [0x00000000ee000000, 0x00000000fe380000, 0x0000000100000000)
  eden space 174592K, 0% used [0x00000000ee000000,0x00000000ee000000,0x00000000f8a80000)
  from space 37888K, 68% used [0x00000000fbe80000,0x00000000fd7de050,0x00000000fe380000)
  to   space 45568K, 0% used [0x00000000f8a80000,0x00000000f8a80000,0x00000000fb700000)
 ParOldGen       total 154624K, used 93300K [0x00000000b8000000, 0x00000000c1700000, 0x00000000ee000000)
  object space 154624K, 60% used [0x00000000b8000000,0x00000000bdb1d118,0x00000000c1700000)
 Metaspace       used 91179K, capacity 92012K, committed 92752K, reserved 1128448K
  class space    used 13167K, capacity 13404K, committed 13440K, reserved 1048576K
}

